13:42:28 **** Rebuild of configuration Debug for project EX1 ****
Info: Internal Builder is used for build
gcc -O0 -g3 -Wall -c -fmessage-length=0 -o EX1.o "..\\EX1.c" 
..\EX1.c: In function 'addmult':
..\EX1.c:12:19: warning: left-hand operand of comma expression has no effect [-Wunused-value]
   12 |         return (kk,ll);
      |                   ^
..\EX1.c: At top level:
..\EX1.c:17:6: warning: return type of 'main' is not 'int' [-Wmain]
   17 | void main()
      |      ^~~~
..\EX1.c: In function 'main':
..\EX1.c:24:9: warning: implicit declaration of function 'printf' [-Wimplicit-function-declaration]
   24 |         printf("%d",k);
      |         ^~~~~~
..\EX1.c:1:1: note: include '<stdio.h>' or provide a declaration of 'printf'
  +++ |+#include <stdio.h>
    1 | /*
..\EX1.c:24:9: warning: incompatible implicit declaration of built-in function 'printf' [-Wbuiltin-declaration-mismatch]
   24 |         printf("%d",k);
      |         ^~~~~~
..\EX1.c:24:9: note: include '<stdio.h>' or provide a declaration of 'printf'
..\EX1.c:20:23: warning: unused variable 'l' [-Wunused-variable]
   20 |         int i=3,j=4,k,l;
      |                       ^
gcc -o EX1.exe EX1.o 
Info: Nothing to build for EX1
13:42:52 **** Incremental Build of configuration Debug for project EX1 ****
Info: Internal Builder is used for build
gcc -O0 -g3 -Wall -c -fmessage-length=0 -o EX1.o "..\\EX1.c" 
..\EX1.c: In function 'addmult':
..\EX1.c:12:18: warning: left-hand operand of comma expression has no effect [-Wunused-value]
   12 |         return kk,ll;
      |                  ^
..\EX1.c: At top level:
..\EX1.c:17:6: warning: return type of 'main' is not 'int' [-Wmain]
   17 | void main()
      |      ^~~~
..\EX1.c: In function 'main':
..\EX1.c:24:9: warning: implicit declaration of function 'printf' [-Wimplicit-function-declaration]
   24 |         printf("%d",k);
      |         ^~~~~~
..\EX1.c:1:1: note: include '<stdio.h>' or provide a declaration of 'printf'
  +++ |+#include <stdio.h>
    1 | /*
..\EX1.c:24:9: warning: incompatible implicit declaration of built-in function 'printf' [-Wbuiltin-declaration-mismatch]
   24 |         printf("%d",k);
      |         ^~~~~~
..\EX1.c:24:9: note: include '<stdio.h>' or provide a declaration of 'printf'
..\EX1.c:20:23: warning: unused variable 'l' [-Wunused-variable]
   20 |         int i=3,j=4,k,l;
      |                       ^
gcc -o EX1.exe EX1.o 
13:43:08 **** Incremental Build of configuration Debug for project EX1 ****
Info: Internal Builder is used for build
gcc -O0 -g3 -Wall -c -fmessage-length=0 -o EX1.o "..\\EX1.c" 
..\EX1.c: In function 'addmult':
..\EX1.c:9:13: warning: variable 'kk' set but not used [-Wunused-but-set-variable]
    9 |         int kk, ll;
      |             ^~
..\EX1.c: At top level:
..\EX1.c:17:6: warning: return type of 'main' is not 'int' [-Wmain]
   17 | void main()
      |      ^~~~
..\EX1.c: In function 'main':
..\EX1.c:24:9: warning: implicit declaration of function 'printf' [-Wimplicit-function-declaration]
   24 |         printf("%d",k);
      |         ^~~~~~
..\EX1.c:1:1: note: include '<stdio.h>' or provide a declaration of 'printf'
  +++ |+#include <stdio.h>
    1 | /*
..\EX1.c:24:9: warning: incompatible implicit declaration of built-in function 'printf' [-Wbuiltin-declaration-mismatch]
   24 |         printf("%d",k);
      |         ^~~~~~
..\EX1.c:24:9: note: include '<stdio.h>' or provide a declaration of 'printf'
..\EX1.c:20:23: warning: unused variable 'l' [-Wunused-variable]
   20 |         int i=3,j=4,k,l;
      |                       ^
gcc -o EX1.exe EX1.o 
13:43:16 **** Incremental Build of configuration Debug for project EX1 ****
Info: Internal Builder is used for build
gcc -O0 -g3 -Wall -c -fmessage-length=0 -o EX1.o "..\\EX1.c" 
..\EX1.c: In function 'addmult':
..\EX1.c:12:18: warning: left-hand operand of comma expression has no effect [-Wunused-value]
   12 |         return kk,kk,ll;
      |                  ^
..\EX1.c:12:21: warning: left-hand operand of comma expression has no effect [-Wunused-value]
   12 |         return kk,kk,ll;
      |                     ^
..\EX1.c: At top level:
..\EX1.c:17:6: warning: return type of 'main' is not 'int' [-Wmain]
   17 | void main()
      |      ^~~~
..\EX1.c: In function 'main':
..\EX1.c:24:9: warning: implicit declaration of function 'printf' [-Wimplicit-function-declaration]
   24 |         printf("%d",k);
      |         ^~~~~~
..\EX1.c:1:1: note: include '<stdio.h>' or provide a declaration of 'printf'
  +++ |+#include <stdio.h>
    1 | /*
..\EX1.c:24:9: warning: incompatible implicit declaration of built-in function 'printf' [-Wbuiltin-declaration-mismatch]
   24 |         printf("%d",k);
      |         ^~~~~~
..\EX1.c:24:9: note: include '<stdio.h>' or provide a declaration of 'printf'
..\EX1.c:20:23: warning: unused variable 'l' [-Wunused-variable]
   20 |         int i=3,j=4,k,l;
      |                       ^
gcc -o EX1.exe EX1.o 
13:43:31 **** Incremental Build of configuration Debug for project EX1 ****
Info: Internal Builder is used for build
gcc -O0 -g3 -Wall -c -fmessage-length=0 -o EX1.o "..\\EX1.c" 
..\EX1.c: In function 'addmult':
..\EX1.c:12:18: warning: left-hand operand of comma expression has no effect [-Wunused-value]
   12 |         return kk,kk,ll;
      |                  ^
..\EX1.c:12:21: warning: left-hand operand of comma expression has no effect [-Wunused-value]
   12 |         return kk,kk,ll;
      |                     ^
..\EX1.c: At top level:
..\EX1.c:17:6: warning: return type of 'main' is not 'int' [-Wmain]
   17 | void main()
      |      ^~~~
..\EX1.c: In function 'main':
..\EX1.c:24:9: warning: implicit declaration of function 'printf' [-Wimplicit-function-declaration]
   24 |         printf("%d",k);
      |         ^~~~~~
..\EX1.c:1:1: note: include '<stdio.h>' or provide a declaration of 'printf'
  +++ |+#include <stdio.h>
    1 | /*
..\EX1.c:24:9: warning: incompatible implicit declaration of built-in function 'printf' [-Wbuiltin-declaration-mismatch]
   24 |         printf("%d",k);
      |         ^~~~~~
..\EX1.c:24:9: note: include '<stdio.h>' or provide a declaration of 'printf'
..\EX1.c:20:23: warning: unused variable 'l' [-Wunused-variable]
   20 |         int i=3,j=4,k,l;
      |                       ^
gcc -o EX1.exe EX1.o 
14:07:39 **** Incremental Build of configuration Debug for project EX1 ****
Info: Internal Builder is used for build
gcc -O0 -g3 -Wall -c -fmessage-length=0 -o EX1.o "..\\EX1.c" 
..\EX1.c:14:6: warning: return type of 'main' is not 'int' [-Wmain]
   14 | void main()
      |      ^~~~
..\EX1.c: In function 'main':
..\EX1.c:21:9: warning: implicit declaration of function 'printf' [-Wimplicit-function-declaration]
   21 |         printf("%d\n",b);
      |         ^~~~~~
..\EX1.c:1:1: note: include '<stdio.h>' or provide a declaration of 'printf'
  +++ |+#include <stdio.h>
    1 | /*
..\EX1.c:21:9: warning: incompatible implicit declaration of built-in function 'printf' [-Wbuiltin-declaration-mismatch]
   21 |         printf("%d\n",b);
      |         ^~~~~~
..\EX1.c:21:9: note: include '<stdio.h>' or provide a declaration of 'printf'
gcc -o EX1.exe EX1.o 
14:07:55 **** Incremental Build of configuration Debug for project EX1 ****
Info: Internal Builder is used for build
gcc -O0 -g3 -Wall -c -fmessage-length=0 -o EX1.o "..\\EX1.c" 
..\EX1.c:14:6: warning: return type of 'main' is not 'int' [-Wmain]
   14 | void main()
      |      ^~~~
..\EX1.c: In function 'main':
..\EX1.c:21:9: warning: implicit declaration of function 'printf' [-Wimplicit-function-declaration]
   21 |         printf("%d\n",b);
      |         ^~~~~~
..\EX1.c:1:1: note: include '<stdio.h>' or provide a declaration of 'printf'
  +++ |+#include <stdio.h>
    1 | /*
..\EX1.c:21:9: warning: incompatible implicit declaration of built-in function 'printf' [-Wbuiltin-declaration-mismatch]
   21 |         printf("%d\n",b);
      |         ^~~~~~
..\EX1.c:21:9: note: include '<stdio.h>' or provide a declaration of 'printf'
gcc -o EX1.exe EX1.o 
14:09:45 **** Incremental Build of configuration Debug for project EX1 ****
Info: Internal Builder is used for build
gcc -O0 -g3 -Wall -c -fmessage-length=0 -o EX1.o "..\\EX1.c" 
..\EX1.c:14:6: warning: return type of 'main' is not 'int' [-Wmain]
   14 | void main()
      |      ^~~~
..\EX1.c: In function 'main':
..\EX1.c:21:9: warning: implicit declaration of function 'printf' [-Wimplicit-function-declaration]
   21 |         printf("%d\n",b);
      |         ^~~~~~
..\EX1.c:1:1: note: include '<stdio.h>' or provide a declaration of 'printf'
  +++ |+#include <stdio.h>
    1 | /*
..\EX1.c:21:9: warning: incompatible implicit declaration of built-in function 'printf' [-Wbuiltin-declaration-mismatch]
   21 |         printf("%d\n",b);
      |         ^~~~~~
..\EX1.c:21:9: note: include '<stdio.h>' or provide a declaration of 'printf'
gcc -o EX1.exe EX1.o 
Info: Nothing to build for EX1
14:23:16 **** Incremental Build of configuration Debug for project EX1 ****
Info: Internal Builder is used for build
gcc -O0 -g3 -Wall -c -fmessage-length=0 -o EX1.o "..\\EX1.c" 
..\EX1.c:14:6: warning: return type of 'main' is not 'int' [-Wmain]
   14 | void main()
      |      ^~~~
..\EX1.c: In function 'main':
..\EX1.c:21:9: warning: implicit declaration of function 'printf' [-Wimplicit-function-declaration]
   21 |         printf("%d\n",b);
      |         ^~~~~~
..\EX1.c:1:1: note: include '<stdio.h>' or provide a declaration of 'printf'
  +++ |+#include <stdio.h>
    1 | /*
..\EX1.c:21:9: warning: incompatible implicit declaration of built-in function 'printf' [-Wbuiltin-declaration-mismatch]
   21 |         printf("%d\n",b);
      |         ^~~~~~
..\EX1.c:21:9: note: include '<stdio.h>' or provide a declaration of 'printf'
gcc -o EX1.exe EX1.o 
14:26:27 **** Incremental Build of configuration Debug for project EX1 ****
Info: Internal Builder is used for build
gcc -O0 -g3 -Wall -c -fmessage-length=0 -o EX1.o "..\\EX1.c" 
..\EX1.c:14:6: warning: return type of 'main' is not 'int' [-Wmain]
   14 | void main()
      |      ^~~~
..\EX1.c: In function 'main':
..\EX1.c:21:9: warning: implicit declaration of function 'printf' [-Wimplicit-function-declaration]
   21 |         printf("%p\n", main);
      |         ^~~~~~
..\EX1.c:1:1: note: include '<stdio.h>' or provide a declaration of 'printf'
  +++ |+#include <stdio.h>
    1 | /*
..\EX1.c:21:9: warning: incompatible implicit declaration of built-in function 'printf' [-Wbuiltin-declaration-mismatch]
   21 |         printf("%p\n", main);
      |         ^~~~~~
..\EX1.c:21:9: note: include '<stdio.h>' or provide a declaration of 'printf'
..\EX1.c:18:13: warning: variable 'b' set but not used [-Wunused-but-set-variable]
   18 |         int b;
      |             ^
gcc -o EX1.exe EX1.o 
14:26:42 **** Incremental Build of configuration Debug for project EX1 ****
Info: Internal Builder is used for build
gcc -O0 -g3 -Wall -c -fmessage-length=0 -o EX1.o "..\\EX1.c" 
..\EX1.c:14:6: warning: return type of 'main' is not 'int' [-Wmain]
   14 | void main()
      |      ^~~~
..\EX1.c: In function 'main':
..\EX1.c:21:9: warning: implicit declaration of function 'printf' [-Wimplicit-function-declaration]
   21 |         printf("%p\n", main);
      |         ^~~~~~
..\EX1.c:1:1: note: include '<stdio.h>' or provide a declaration of 'printf'
  +++ |+#include <stdio.h>
    1 | /*
..\EX1.c:21:9: warning: incompatible implicit declaration of built-in function 'printf' [-Wbuiltin-declaration-mismatch]
   21 |         printf("%p\n", main);
      |         ^~~~~~
..\EX1.c:21:9: note: include '<stdio.h>' or provide a declaration of 'printf'
..\EX1.c:22:18: warning: format '%u' expects argument of type 'unsigned int', but argument 2 has type 'void (*)()' [-Wformat=]
   22 |         printf("%u\n", main);
      |                 ~^     ~~~~
      |                  |     |
      |                  |     void (*)()
      |                  unsigned int
..\EX1.c:18:13: warning: variable 'b' set but not used [-Wunused-but-set-variable]
   18 |         int b;
      |             ^
gcc -o EX1.exe EX1.o 
14:26:58 **** Incremental Build of configuration Debug for project EX1 ****
Info: Internal Builder is used for build
gcc -O0 -g3 -Wall -c -fmessage-length=0 -o EX1.o "..\\EX1.c" 
..\EX1.c:14:6: warning: return type of 'main' is not 'int' [-Wmain]
   14 | void main()
      |      ^~~~
..\EX1.c: In function 'main':
..\EX1.c:21:9: warning: implicit declaration of function 'printf' [-Wimplicit-function-declaration]
   21 |         printf("%p\n", main);
      |         ^~~~~~
..\EX1.c:1:1: note: include '<stdio.h>' or provide a declaration of 'printf'
  +++ |+#include <stdio.h>
    1 | /*
..\EX1.c:21:9: warning: incompatible implicit declaration of built-in function 'printf' [-Wbuiltin-declaration-mismatch]
   21 |         printf("%p\n", main);
      |         ^~~~~~
..\EX1.c:21:9: note: include '<stdio.h>' or provide a declaration of 'printf'
..\EX1.c:22:18: warning: format '%u' expects argument of type 'unsigned int', but argument 2 has type 'void (*)()' [-Wformat=]
   22 |         printf("%u\n", &main);
      |                 ~^     ~~~~~
      |                  |     |
      |                  |     void (*)()
      |                  unsigned int
..\EX1.c:18:13: warning: variable 'b' set but not used [-Wunused-but-set-variable]
   18 |         int b;
      |             ^
gcc -o EX1.exe EX1.o 
14:28:25 **** Incremental Build of configuration Debug for project EX1 ****
Info: Internal Builder is used for build
gcc -O0 -g3 -Wall -c -fmessage-length=0 -o EX1.o "..\\EX1.c" 
..\EX1.c:14:6: warning: return type of 'main' is not 'int' [-Wmain]
   14 | void main()
      |      ^~~~
..\EX1.c: In function 'main':
..\EX1.c:21:9: warning: implicit declaration of function 'printf' [-Wimplicit-function-declaration]
   21 |         printf("%p\n", b);
      |         ^~~~~~
..\EX1.c:1:1: note: include '<stdio.h>' or provide a declaration of 'printf'
  +++ |+#include <stdio.h>
    1 | /*
..\EX1.c:21:9: warning: incompatible implicit declaration of built-in function 'printf' [-Wbuiltin-declaration-mismatch]
   21 |         printf("%p\n", b);
      |         ^~~~~~
..\EX1.c:21:9: note: include '<stdio.h>' or provide a declaration of 'printf'
..\EX1.c:21:18: warning: format '%p' expects argument of type 'void *', but argument 2 has type 'int' [-Wformat=]
   21 |         printf("%p\n", b);
      |                 ~^     ~
      |                  |     |
      |                  |     int
      |                  void *
      |                 %d
..\EX1.c:22:18: warning: format '%u' expects argument of type 'unsigned int', but argument 2 has type 'int *' [-Wformat=]
   22 |         printf("%u\n", &b);
      |                 ~^     ~~
      |                  |     |
      |                  |     int *
      |                  unsigned int
      |                 %n
gcc -o EX1.exe EX1.o 
14:29:09 **** Incremental Build of configuration Debug for project EX1 ****
Info: Internal Builder is used for build
gcc -O0 -g3 -Wall -c -fmessage-length=0 -o EX1.o "..\\EX1.c" 
..\EX1.c:14:6: warning: return type of 'main' is not 'int' [-Wmain]
   14 | void main()
      |      ^~~~
..\EX1.c: In function 'main':
..\EX1.c:21:9: warning: implicit declaration of function 'printf' [-Wimplicit-function-declaration]
   21 |         printf("%p\n", b);
      |         ^~~~~~
..\EX1.c:1:1: note: include '<stdio.h>' or provide a declaration of 'printf'
  +++ |+#include <stdio.h>
    1 | /*
..\EX1.c:21:9: warning: incompatible implicit declaration of built-in function 'printf' [-Wbuiltin-declaration-mismatch]
   21 |         printf("%p\n", b);
      |         ^~~~~~
..\EX1.c:21:9: note: include '<stdio.h>' or provide a declaration of 'printf'
..\EX1.c:21:18: warning: format '%p' expects argument of type 'void *', but argument 2 has type 'int' [-Wformat=]
   21 |         printf("%p\n", b);
      |                 ~^     ~
      |                  |     |
      |                  |     int
      |                  void *
      |                 %d
..\EX1.c:24:18: warning: format '%u' expects argument of type 'unsigned int', but argument 2 has type 'int *' [-Wformat=]
   24 |         printf("%u\n", &b);
      |                 ~^     ~~
      |                  |     |
      |                  |     int *
      |                  unsigned int
      |                 %n
gcc -o EX1.exe EX1.o 
16:01:03 **** Incremental Build of configuration Debug for project EX1 ****
Info: Internal Builder is used for build
gcc -O0 -g3 -Wall -c -fmessage-length=0 -o EX1.o "..\\EX1.c" 
..\EX1.c: In function '_start':
..\EX1.c:20:9: warning: implicit declaration of function 'printf' [-Wimplicit-function-declaration]
   20 |         printf("%d",h);
      |         ^~~~~~
..\EX1.c:1:1: note: include '<stdio.h>' or provide a declaration of 'printf'
  +++ |+#include <stdio.h>
    1 | /*
..\EX1.c:20:9: warning: incompatible implicit declaration of built-in function 'printf' [-Wbuiltin-declaration-mismatch]
   20 |         printf("%d",h);
      |         ^~~~~~
..\EX1.c:20:9: note: include '<stdio.h>' or provide a declaration of 'printf'
gcc -o EX1.exe EX1.o 
c:/mingw/bin/../lib/gcc/x86_64-w64-mingw32/12.1.0/../../../../x86_64-w64-mingw32/bin/ld.exe: c:/mingw/bin/../lib/gcc/x86_64-w64-mingw32/12.1.0/../../../../x86_64-w64-mingw32/lib/../lib/libmingw32.a(lib64_libmingw32_a-crt0_c.o):crt0_c.c:(.text.startup+0x2e): undefined reference to `WinMain'
collect2.exe: error: ld returned 1 exit status
16:01:39 **** Incremental Build of configuration Debug for project EX1 ****
Info: Internal Builder is used for build
gcc -O0 -g3 -Wall -c -fmessage-length=0 -o EX1.o "..\\EX1.c" 
..\EX1.c: In function '_start':
..\EX1.c:21:9: warning: implicit declaration of function 'printf' [-Wimplicit-function-declaration]
   21 |         printf("%d",h);
      |         ^~~~~~
..\EX1.c:1:1: note: include '<stdio.h>' or provide a declaration of 'printf'
  +++ |+#include <stdio.h>
    1 | /*
..\EX1.c:21:9: warning: incompatible implicit declaration of built-in function 'printf' [-Wbuiltin-declaration-mismatch]
   21 |         printf("%d",h);
      |         ^~~~~~
..\EX1.c:21:9: note: include '<stdio.h>' or provide a declaration of 'printf'
gcc -o EX1.exe EX1.o 
c:/mingw/bin/../lib/gcc/x86_64-w64-mingw32/12.1.0/../../../../x86_64-w64-mingw32/bin/ld.exe: c:/mingw/bin/../lib/gcc/x86_64-w64-mingw32/12.1.0/../../../../x86_64-w64-mingw32/lib/../lib/libmingw32.a(lib64_libmingw32_a-crt0_c.o):crt0_c.c:(.text.startup+0x2e): undefined reference to `WinMain'
collect2.exe: error: ld returned 1 exit status
16:02:29 **** Incremental Build of configuration Debug for project EX1 ****
Info: Internal Builder is used for build
gcc -O0 -g3 -Wall -c -fmessage-length=0 -o EX1.o "..\\EX1.c" 
..\EX1.c: In function 'f':
..\EX1.c:12:9: warning: implicit declaration of function 'printf' [-Wimplicit-function-declaration]
   12 |         printf("Hello");
      |         ^~~~~~
..\EX1.c:1:1: note: include '<stdio.h>' or provide a declaration of 'printf'
  +++ |+#include <stdio.h>
    1 | /*
..\EX1.c:12:9: warning: incompatible implicit declaration of built-in function 'printf' [-Wbuiltin-declaration-mismatch]
   12 |         printf("Hello");
      |         ^~~~~~
..\EX1.c:12:9: note: include '<stdio.h>' or provide a declaration of 'printf'
..\EX1.c:13:9: warning: implicit declaration of function 'exit' [-Wimplicit-function-declaration]
   13 |         exit(0);
      |         ^~~~
..\EX1.c:1:1: note: include '<stdlib.h>' or provide a declaration of 'exit'
  +++ |+#include <stdlib.h>
    1 | /*
..\EX1.c:13:9: warning: incompatible implicit declaration of built-in function 'exit' [-Wbuiltin-declaration-mismatch]
   13 |         exit(0);
      |         ^~~~
..\EX1.c:13:9: note: include '<stdlib.h>' or provide a declaration of 'exit'
..\EX1.c: In function '_start':
..\EX1.c:22:9: warning: incompatible implicit declaration of built-in function 'printf' [-Wbuiltin-declaration-mismatch]
   22 |         printf("%d",h);
      |         ^~~~~~
..\EX1.c:22:9: note: include '<stdio.h>' or provide a declaration of 'printf'
gcc -o EX1.exe EX1.o 
c:/mingw/bin/../lib/gcc/x86_64-w64-mingw32/12.1.0/../../../../x86_64-w64-mingw32/bin/ld.exe: c:/mingw/bin/../lib/gcc/x86_64-w64-mingw32/12.1.0/../../../../x86_64-w64-mingw32/lib/../lib/libmingw32.a(lib64_libmingw32_a-crt0_c.o):crt0_c.c:(.text.startup+0x2e): undefined reference to `WinMain'
collect2.exe: error: ld returned 1 exit status
16:02:59 **** Incremental Build of configuration Debug for project EX1 ****
Info: Internal Builder is used for build
gcc -O0 -g3 -Wall -c -fmessage-length=0 -o EX1.o "..\\EX1.c" 
..\EX1.c: In function 'f':
..\EX1.c:11:9: warning: implicit declaration of function 'printf' [-Wimplicit-function-declaration]
   11 |         printf("Hello");
      |         ^~~~~~
..\EX1.c:1:1: note: include '<stdio.h>' or provide a declaration of 'printf'
  +++ |+#include <stdio.h>
    1 | /*
..\EX1.c:11:9: warning: incompatible implicit declaration of built-in function 'printf' [-Wbuiltin-declaration-mismatch]
   11 |         printf("Hello");
      |         ^~~~~~
..\EX1.c:11:9: note: include '<stdio.h>' or provide a declaration of 'printf'
..\EX1.c:12:9: warning: implicit declaration of function 'exit' [-Wimplicit-function-declaration]
   12 |         exit(0);
      |         ^~~~
..\EX1.c:1:1: note: include '<stdlib.h>' or provide a declaration of 'exit'
  +++ |+#include <stdlib.h>
    1 | /*
..\EX1.c:12:9: warning: incompatible implicit declaration of built-in function 'exit' [-Wbuiltin-declaration-mismatch]
   12 |         exit(0);
      |         ^~~~
..\EX1.c:12:9: note: include '<stdlib.h>' or provide a declaration of 'exit'
..\EX1.c: In function '_start':
..\EX1.c:21:9: warning: incompatible implicit declaration of built-in function 'printf' [-Wbuiltin-declaration-mismatch]
   21 |         printf("%d",h);
      |         ^~~~~~
..\EX1.c:21:9: note: include '<stdio.h>' or provide a declaration of 'printf'
gcc -o EX1.exe EX1.o 
c:/mingw/bin/../lib/gcc/x86_64-w64-mingw32/12.1.0/../../../../x86_64-w64-mingw32/bin/ld.exe: c:/mingw/bin/../lib/gcc/x86_64-w64-mingw32/12.1.0/../../../../x86_64-w64-mingw32/lib/../lib/libmingw32.a(lib64_libmingw32_a-crt0_c.o):crt0_c.c:(.text.startup+0x2e): undefined reference to `WinMain'
collect2.exe: error: ld returned 1 exit status
16:04:05 **** Incremental Build of configuration Debug for project EX1 ****
Info: Internal Builder is used for build
gcc -O0 -g3 -Wall -c -fmessage-length=0 -o EX1.o "..\\EX1.c" 
..\EX1.c: In function '_start':
..\EX1.c:12:9: warning: implicit declaration of function 'exit' [-Wimplicit-function-declaration]
   12 |         exit(0);
      |         ^~~~
..\EX1.c:1:1: note: include '<stdlib.h>' or provide a declaration of 'exit'
  +++ |+#include <stdlib.h>
    1 | /*
..\EX1.c:12:9: warning: incompatible implicit declaration of built-in function 'exit' [-Wbuiltin-declaration-mismatch]
   12 |         exit(0);
      |         ^~~~
..\EX1.c:12:9: note: include '<stdlib.h>' or provide a declaration of 'exit'
..\EX1.c: In function 'f':
..\EX1.c:18:9: warning: implicit declaration of function 'printf' [-Wimplicit-function-declaration]
   18 |         printf("Hello");
      |         ^~~~~~
..\EX1.c:1:1: note: include '<stdio.h>' or provide a declaration of 'printf'
  +++ |+#include <stdio.h>
    1 | /*
..\EX1.c:18:9: warning: incompatible implicit declaration of built-in function 'printf' [-Wbuiltin-declaration-mismatch]
   18 |         printf("Hello");
      |         ^~~~~~
..\EX1.c:18:9: note: include '<stdio.h>' or provide a declaration of 'printf'
gcc -o EX1.exe EX1.o 
c:/mingw/bin/../lib/gcc/x86_64-w64-mingw32/12.1.0/../../../../x86_64-w64-mingw32/bin/ld.exe: c:/mingw/bin/../lib/gcc/x86_64-w64-mingw32/12.1.0/../../../../x86_64-w64-mingw32/lib/../lib/libmingw32.a(lib64_libmingw32_a-crt0_c.o):crt0_c.c:(.text.startup+0x2e): undefined reference to `WinMain'
collect2.exe: error: ld returned 1 exit status
16:04:35 **** Incremental Build of configuration Debug for project EX1 ****
Info: Internal Builder is used for build
gcc -O0 -g3 -Wall -c -fmessage-length=0 -o EX1.o "..\\EX1.c" 
..\EX1.c: In function '_start':
..\EX1.c:12:9: warning: implicit declaration of function 'exit' [-Wimplicit-function-declaration]
   12 |         exit(0);
      |         ^~~~
..\EX1.c:1:1: note: include '<stdlib.h>' or provide a declaration of 'exit'
  +++ |+#include <stdlib.h>
    1 | /*
..\EX1.c:12:9: warning: incompatible implicit declaration of built-in function 'exit' [-Wbuiltin-declaration-mismatch]
   12 |         exit(0);
      |         ^~~~
..\EX1.c:12:9: note: include '<stdlib.h>' or provide a declaration of 'exit'
..\EX1.c: In function 'f':
..\EX1.c:18:9: warning: implicit declaration of function 'printf' [-Wimplicit-function-declaration]
   18 |         printf("Hello");
      |         ^~~~~~
..\EX1.c:1:1: note: include '<stdio.h>' or provide a declaration of 'printf'
  +++ |+#include <stdio.h>
    1 | /*
..\EX1.c:18:9: warning: incompatible implicit declaration of built-in function 'printf' [-Wbuiltin-declaration-mismatch]
   18 |         printf("Hello");
      |         ^~~~~~
..\EX1.c:18:9: note: include '<stdio.h>' or provide a declaration of 'printf'
gcc -o EX1.exe EX1.o 
c:/mingw/bin/../lib/gcc/x86_64-w64-mingw32/12.1.0/../../../../x86_64-w64-mingw32/bin/ld.exe: c:/mingw/bin/../lib/gcc/x86_64-w64-mingw32/12.1.0/../../../../x86_64-w64-mingw32/lib/../lib/libmingw32.a(lib64_libmingw32_a-crt0_c.o):crt0_c.c:(.text.startup+0x2e): undefined reference to `WinMain'
collect2.exe: error: ld returned 1 exit status
16:04:57 **** Incremental Build of configuration Debug for project EX1 ****
Info: Internal Builder is used for build
gcc -O0 -g3 -Wall -c -fmessage-length=0 -o EX1.o "..\\EX1.c" 
..\EX1.c: In function '_start':
..\EX1.c:14:9: warning: implicit declaration of function 'exit' [-Wimplicit-function-declaration]
   14 |         exit(0);
      |         ^~~~
..\EX1.c:9:1: note: include '<stdlib.h>' or provide a declaration of 'exit'
    8 | #include "stdio.h"
  +++ |+#include <stdlib.h>
    9 | int f();
..\EX1.c:14:9: warning: incompatible implicit declaration of built-in function 'exit' [-Wbuiltin-declaration-mismatch]
   14 |         exit(0);
      |         ^~~~
..\EX1.c:14:9: note: include '<stdlib.h>' or provide a declaration of 'exit'
gcc -o EX1.exe EX1.o 
c:/mingw/bin/../lib/gcc/x86_64-w64-mingw32/12.1.0/../../../../x86_64-w64-mingw32/bin/ld.exe: c:/mingw/bin/../lib/gcc/x86_64-w64-mingw32/12.1.0/../../../../x86_64-w64-mingw32/lib/../lib/libmingw32.a(lib64_libmingw32_a-crt0_c.o):crt0_c.c:(.text.startup+0x2e): undefined reference to `WinMain'
collect2.exe: error: ld returned 1 exit status
16:05:32 **** Incremental Build of configuration Debug for project EX1 ****
Info: Internal Builder is used for build
gcc -O0 -g3 -Wall -c -fmessage-length=0 -o EX1.o "..\\EX1.c" 
gcc -o EX1.exe EX1.o 
c:/mingw/bin/../lib/gcc/x86_64-w64-mingw32/12.1.0/../../../../x86_64-w64-mingw32/bin/ld.exe: c:/mingw/bin/../lib/gcc/x86_64-w64-mingw32/12.1.0/../../../../x86_64-w64-mingw32/lib/../lib/libmingw32.a(lib64_libmingw32_a-crt0_c.o):crt0_c.c:(.text.startup+0x2e): undefined reference to `WinMain'
collect2.exe: error: ld returned 1 exit status
16:09:10 **** Incremental Build of configuration Debug for project EX1 ****
Info: Internal Builder is used for build
gcc -O0 -g3 -Wall -c -fmessage-length=0 -o EX1.o "..\\EX1.c" 
gcc -o EX1.exe EX1.o 
c:/mingw/bin/../lib/gcc/x86_64-w64-mingw32/12.1.0/../../../../x86_64-w64-mingw32/bin/ld.exe: c:/mingw/bin/../lib/gcc/x86_64-w64-mingw32/12.1.0/../../../../x86_64-w64-mingw32/lib/../lib/libmingw32.a(lib64_libmingw32_a-crt0_c.o):crt0_c.c:(.text.startup+0x2e): undefined reference to `WinMain'
collect2.exe: error: ld returned 1 exit status
16:09:45 **** Incremental Build of configuration Debug for project EX1 ****
Info: Internal Builder is used for build
gcc -O0 -g3 -Wall -c -fmessage-length=0 -o EX1.o "..\\EX1.c" 
gcc -o EX1.exe EX1.o 
c:/mingw/bin/../lib/gcc/x86_64-w64-mingw32/12.1.0/../../../../x86_64-w64-mingw32/bin/ld.exe: c:/mingw/bin/../lib/gcc/x86_64-w64-mingw32/12.1.0/../../../../x86_64-w64-mingw32/lib/../lib/libmingw32.a(lib64_libmingw32_a-crt0_c.o):crt0_c.c:(.text.startup+0x2e): undefined reference to `WinMain'
collect2.exe: error: ld returned 1 exit status
16:10:14 **** Incremental Build of configuration Debug for project EX1 ****
Info: Internal Builder is used for build
gcc -O0 -g3 -Wall -c -fmessage-length=0 -o EX1.o "..\\EX1.c" 
gcc -o EX1.exe EX1.o 
c:/mingw/bin/../lib/gcc/x86_64-w64-mingw32/12.1.0/../../../../x86_64-w64-mingw32/bin/ld.exe: c:/mingw/bin/../lib/gcc/x86_64-w64-mingw32/12.1.0/../../../../x86_64-w64-mingw32/lib/../lib/libmingw32.a(lib64_libmingw32_a-crt0_c.o):crt0_c.c:(.text.startup+0x2e): undefined reference to `WinMain'
collect2.exe: error: ld returned 1 exit status
17:05:07 **** Incremental Build of configuration Debug for project EX1 ****
Info: Internal Builder is used for build
gcc -O0 -g3 -Wall -c -fmessage-length=0 -o EX1.o "..\\EX1.c" 
gcc -o EX1.exe EX1.o 
c:/mingw/bin/../lib/gcc/x86_64-w64-mingw32/12.1.0/../../../../x86_64-w64-mingw32/bin/ld.exe: c:/mingw/bin/../lib/gcc/x86_64-w64-mingw32/12.1.0/../../../../x86_64-w64-mingw32/lib/../lib/libmingw32.a(lib64_libmingw32_a-crt0_c.o):crt0_c.c:(.text.startup+0x2e): undefined reference to `WinMain'
collect2.exe: error: ld returned 1 exit status
17:10:53 **** Incremental Build of configuration Debug for project EX1 ****
Info: Internal Builder is used for build
gcc -O0 -g3 -Wall -c -fmessage-length=0 -o EX1.o "..\\EX1.c" 
gcc -o EX1.exe EX1.o 
c:/mingw/bin/../lib/gcc/x86_64-w64-mingw32/12.1.0/../../../../x86_64-w64-mingw32/bin/ld.exe: c:/mingw/bin/../lib/gcc/x86_64-w64-mingw32/12.1.0/../../../../x86_64-w64-mingw32/lib/../lib/libmingw32.a(lib64_libmingw32_a-crt0_c.o):crt0_c.c:(.text.startup+0x2e): undefined reference to `WinMain'
collect2.exe: error: ld returned 1 exit status
17:11:00 **** Incremental Build of configuration Debug for project EX1 ****
Info: Internal Builder is used for build
gcc -O0 -g3 -Wall -c -fmessage-length=0 -o EX1.o "..\\EX1.c" 
gcc -o EX1.exe EX1.o 
c:/mingw/bin/../lib/gcc/x86_64-w64-mingw32/12.1.0/../../../../x86_64-w64-mingw32/bin/ld.exe: c:/mingw/bin/../lib/gcc/x86_64-w64-mingw32/12.1.0/../../../../x86_64-w64-mingw32/lib/../lib/libmingw32.a(lib64_libmingw32_a-crt0_c.o):crt0_c.c:(.text.startup+0x2e): undefined reference to `WinMain'
collect2.exe: error: ld returned 1 exit status
17:11:33 **** Incremental Build of configuration Debug for project EX1 ****
Info: Internal Builder is used for build
gcc -O0 -g3 -Wall -c -fmessage-length=0 -o EX1.o "..\\EX1.c" 
gcc -o EX1.exe EX1.o 
c:/mingw/bin/../lib/gcc/x86_64-w64-mingw32/12.1.0/../../../../x86_64-w64-mingw32/bin/ld.exe: c:/mingw/bin/../lib/gcc/x86_64-w64-mingw32/12.1.0/../../../../x86_64-w64-mingw32/lib/../lib/libmingw32.a(lib64_libmingw32_a-crt0_c.o):crt0_c.c:(.text.startup+0x2e): undefined reference to `WinMain'
collect2.exe: error: ld returned 1 exit status
00:32:40 **** Incremental Build of configuration Debug for project EX1 ****
Info: Internal Builder is used for build
gcc -O0 -g3 -Wall -c -fmessage-length=0 -o EX1.o "..\\EX1.c" 
gcc -o EX1.exe EX1.o 
c:/mingw/bin/../lib/gcc/x86_64-w64-mingw32/12.1.0/../../../../x86_64-w64-mingw32/bin/ld.exe: c:/mingw/bin/../lib/gcc/x86_64-w64-mingw32/12.1.0/../../../../x86_64-w64-mingw32/lib/../lib/libmingw32.a(lib64_libmingw32_a-crt0_c.o):crt0_c.c:(.text.startup+0x2e): undefined reference to `WinMain'
collect2.exe: error: ld returned 1 exit status
00:53:47 **** Incremental Build of configuration Debug for project EX1 ****
Info: Internal Builder is used for build
gcc -O0 -g3 -Wall -c -fmessage-length=0 -o EX1.o "..\\EX1.c" 
..\EX1.c:11:6: warning: return type of 'main' is not 'int' [-Wmain]
   11 | void main()
      |      ^~~~
gcc -o EX1.exe EX1.o 
00:54:49 **** Incremental Build of configuration Debug for project EX1 ****
Info: Internal Builder is used for build
gcc -O0 -g3 -Wall -c -fmessage-length=0 -o EX1.o "..\\EX1.c" 
..\EX1.c:11:6: warning: return type of 'main' is not 'int' [-Wmain]
   11 | void main()
      |      ^~~~
..\EX1.c: In function 'main':
..\EX1.c:17:16: warning: passing argument 1 of 'fflush' from incompatible pointer type [-Wincompatible-pointer-types]
   17 |         fflush("stdin"); fflush("stdout");
      |                ^~~~~~~
      |                |
      |                char *
In file included from ..\EX1.c:8:
c:\mingw\x86_64-w64-mingw32\include\stdio.h:620:28: note: expected 'FILE *' {aka 'struct _iobuf *'} but argument is of type 'char *'
  620 |   int __cdecl fflush(FILE *_File);
      |                      ~~~~~~^~~~~
..\EX1.c:17:33: warning: passing argument 1 of 'fflush' from incompatible pointer type [-Wincompatible-pointer-types]
   17 |         fflush("stdin"); fflush("stdout");
      |                                 ^~~~~~~~
      |                                 |
      |                                 char *
c:\mingw\x86_64-w64-mingw32\include\stdio.h:620:28: note: expected 'FILE *' {aka 'struct _iobuf *'} but argument is of type 'char *'
  620 |   int __cdecl fflush(FILE *_File);
      |                      ~~~~~~^~~~~
gcc -o EX1.exe EX1.o 
00:55:08 **** Incremental Build of configuration Debug for project EX1 ****
Info: Internal Builder is used for build
gcc -O0 -g3 -Wall -c -fmessage-length=0 -o EX1.o "..\\EX1.c" 
..\EX1.c:11:6: warning: return type of 'main' is not 'int' [-Wmain]
   11 | void main()
      |      ^~~~
gcc -o EX1.exe EX1.o 
00:55:16 **** Incremental Build of configuration Debug for project EX1 ****
Info: Internal Builder is used for build
gcc -O0 -g3 -Wall -c -fmessage-length=0 -o EX1.o "..\\EX1.c" 
..\EX1.c:11:6: warning: return type of 'main' is not 'int' [-Wmain]
   11 | void main()
      |      ^~~~
gcc -o EX1.exe EX1.o 
Info: Nothing to build for EX1
